d:\ch_gu\2 курс\[c++] ооп\oop_2_sem_5_variant\laba_7\code\code\x64\debug\vc143.pdb
d:\ch_gu\2 курс\[c++] ооп\oop_2_sem_5_variant\laba_7\code\code\x64\debug\vc143.idb
d:\ch_gu\2 курс\[c++] ооп\oop_2_sem_5_variant\laba_7\code\code\x64\debug\taxiclass.obj
d:\ch_gu\2 курс\[c++] ооп\oop_2_sem_5_variant\laba_7\code\code\x64\debug\functions.obj
d:\ch_gu\2 курс\[c++] ооп\oop_2_sem_5_variant\laba_7\code\code\x64\debug\code.obj
d:\ch_gu\2 курс\[c++] ооп\oop_2_sem_5_variant\laba_7\code\code\x64\debug\code.res
d:\ch_gu\2 курс\[c++] ооп\oop_2_sem_5_variant\laba_7\code\code\x64\debug\code.nativecodeanalysis.xml
d:\ch_gu\2 курс\[c++] ооп\oop_2_sem_5_variant\laba_7\code\code\x64\debug\functions.nativecodeanalysis.xml
d:\ch_gu\2 курс\[c++] ооп\oop_2_sem_5_variant\laba_7\code\code\x64\debug\taxiclass.nativecodeanalysis.xml
d:\ch_gu\2 курс\[c++] ооп\oop_2_sem_5_variant\laba_7\code\x64\debug\code.pdb
d:\ch_gu\2 курс\[c++] ооп\oop_2_sem_5_variant\laba_7\code\code\x64\debug\code.tlog\cl.command.1.tlog
d:\ch_gu\2 курс\[c++] ооп\oop_2_sem_5_variant\laba_7\code\code\x64\debug\code.tlog\cl.read.1.tlog
d:\ch_gu\2 курс\[c++] ооп\oop_2_sem_5_variant\laba_7\code\code\x64\debug\code.tlog\cl.write.1.tlog
d:\ch_gu\2 курс\[c++] ооп\oop_2_sem_5_variant\laba_7\code\code\x64\debug\code.tlog\link-cvtres.read.1.tlog
d:\ch_gu\2 курс\[c++] ооп\oop_2_sem_5_variant\laba_7\code\code\x64\debug\code.tlog\link-cvtres.write.1.tlog
d:\ch_gu\2 курс\[c++] ооп\oop_2_sem_5_variant\laba_7\code\code\x64\debug\code.tlog\link-rc.read.1.tlog
d:\ch_gu\2 курс\[c++] ооп\oop_2_sem_5_variant\laba_7\code\code\x64\debug\code.tlog\link-rc.write.1.tlog
d:\ch_gu\2 курс\[c++] ооп\oop_2_sem_5_variant\laba_7\code\code\x64\debug\code.tlog\link.command.1.tlog
d:\ch_gu\2 курс\[c++] ооп\oop_2_sem_5_variant\laba_7\code\code\x64\debug\code.tlog\link.read.1.tlog
d:\ch_gu\2 курс\[c++] ооп\oop_2_sem_5_variant\laba_7\code\code\x64\debug\code.tlog\link.read.2.tlog
d:\ch_gu\2 курс\[c++] ооп\oop_2_sem_5_variant\laba_7\code\code\x64\debug\code.tlog\link.write.1.tlog
d:\ch_gu\2 курс\[c++] ооп\oop_2_sem_5_variant\laba_7\code\code\x64\debug\code.tlog\rc.command.1.tlog
d:\ch_gu\2 курс\[c++] ооп\oop_2_sem_5_variant\laba_7\code\code\x64\debug\code.tlog\rc.read.1.tlog
d:\ch_gu\2 курс\[c++] ооп\oop_2_sem_5_variant\laba_7\code\code\x64\debug\code.tlog\rc.write.1.tlog
