--------------------------------------------------------
OpenGLide Log File
--------------------------------------------------------
***** OpenGLide 0.09rc9 *****
--------------------------------------------------------
Date: 05/19/23
Time: 10:9:4
--------------------------------------------------------
--------------------------------------------------------
Clock Frequency: 2904.00 Mhz
--------------------------------------------------------
--------------------------------------------------------
Configuration file is glide.ini
--------------------------------------------------------
Wrapper Class Priority of 32
Wrapper Priority of 2
--------------------------------------------------------
--------------------------------------------------------
Time: 10:9:10
--------------------------------------------------------
