--------------------------------------------------------
OpenGLide Log File
--------------------------------------------------------
***** OpenGLide 0.09rc9 *****
--------------------------------------------------------
Date: 03/24/23
Time: 11:42:15
--------------------------------------------------------
--------------------------------------------------------
Clock Frequency: 2687.99 Mhz
--------------------------------------------------------
--------------------------------------------------------
Configuration file is glide.ini
--------------------------------------------------------
Wrapper Class Priority of 32
Wrapper Priority of 2
--------------------------------------------------------
--------------------------------------------------------
Time: 11:42:17
--------------------------------------------------------
